  [1m[35m (3.6ms)[0m  [1m[34mSELECT sqlite_version(*)[0m
  [1m[35m (1.6ms)[0m  [1m[35mCREATE TABLE "schema_migrations" ("version" varchar NOT NULL PRIMARY KEY)[0m
  [1m[35m (1.3ms)[0m  [1m[35mCREATE TABLE "ar_internal_metadata" ("key" varchar NOT NULL PRIMARY KEY, "value" varchar, "created_at" datetime(6) NOT NULL, "updated_at" datetime(6) NOT NULL)[0m
  [1m[35m (0.2ms)[0m  [1m[34mSELECT "schema_migrations"."version" FROM "schema_migrations" ORDER BY "schema_migrations"."version" ASC[0m
Migrating to CreateOpportunities (20210308164147)
  [1m[36mTRANSACTION (0.1ms)[0m  [1m[36mbegin transaction[0m
  [1m[35m (0.7ms)[0m  [1m[35mCREATE TABLE "opportunities" ("id" integer PRIMARY KEY AUTOINCREMENT NOT NULL, "organization" varchar, "date" varchar, "hours" varchar, "signature" varchar, "created_at" datetime(6) NOT NULL, "updated_at" datetime(6) NOT NULL)[0m
  [1m[36mActiveRecord::SchemaMigration Create (0.3ms)[0m  [1m[32mINSERT INTO "schema_migrations" ("version") VALUES (?)[0m  [["version", "20210308164147"]]
  [1m[36mTRANSACTION (1.1ms)[0m  [1m[36mcommit transaction[0m
  [1m[36mActiveRecord::InternalMetadata Load (0.2ms)[0m  [1m[34mSELECT "ar_internal_metadata".* FROM "ar_internal_metadata" WHERE "ar_internal_metadata"."key" = ? LIMIT ?[0m  [["key", "environment"], ["LIMIT", 1]]
  [1m[36mTRANSACTION (0.0ms)[0m  [1m[36mbegin transaction[0m
  [1m[36mActiveRecord::InternalMetadata Create (0.5ms)[0m  [1m[32mINSERT INTO "ar_internal_metadata" ("key", "value", "created_at", "updated_at") VALUES (?, ?, ?, ?)[0m  [["key", "environment"], ["value", "development"], ["created_at", "2021-03-08 16:42:05.880018"], ["updated_at", "2021-03-08 16:42:05.880018"]]
  [1m[36mTRANSACTION (1.0ms)[0m  [1m[36mcommit transaction[0m
  [1m[35m (0.1ms)[0m  [1m[34mSELECT sqlite_version(*)[0m
  [1m[35m (0.2ms)[0m  [1m[34mSELECT "schema_migrations"."version" FROM "schema_migrations" ORDER BY "schema_migrations"."version" ASC[0m
  [1m[35m (1.7ms)[0m  [1m[34mSELECT sqlite_version(*)[0m
  [1m[35m (0.6ms)[0m  [1m[34mSELECT "schema_migrations"."version" FROM "schema_migrations" ORDER BY "schema_migrations"."version" ASC[0m
  [1m[36mActiveRecord::InternalMetadata Load (0.7ms)[0m  [1m[34mSELECT "ar_internal_metadata".* FROM "ar_internal_metadata" WHERE "ar_internal_metadata"."key" = ? LIMIT ?[0m  [["key", "environment"], ["LIMIT", 1]]
  [1m[35m (0.1ms)[0m  [1m[34mSELECT sqlite_version(*)[0m
  [1m[35m (0.2ms)[0m  [1m[34mSELECT "schema_migrations"."version" FROM "schema_migrations" ORDER BY "schema_migrations"."version" ASC[0m
Started GET "/posts/" for ::1 at 2021-03-08 11:55:29 -0500
  [1m[35m (1.1ms)[0m  [1m[34mSELECT sqlite_version(*)[0m
  [1m[35m (0.4ms)[0m  [1m[34mSELECT "schema_migrations"."version" FROM "schema_migrations" ORDER BY "schema_migrations"."version" ASC[0m

ActionController::RoutingError - uninitialized constant PostsController:

Started POST "/__better_errors/eef562cd2de74cb5/variables" for ::1 at 2021-03-08 11:55:29 -0500
Started GET "/posts/" for ::1 at 2021-03-08 11:57:57 -0500
  [1m[35m (0.8ms)[0m  [1m[34mSELECT sqlite_version(*)[0m
  [1m[35m (0.3ms)[0m  [1m[34mSELECT "schema_migrations"."version" FROM "schema_migrations" ORDER BY "schema_migrations"."version" ASC[0m

ActionController::RoutingError - uninitialized constant PostsController:

Started POST "/__better_errors/642939b9c5b97f31/variables" for ::1 at 2021-03-08 11:57:57 -0500
Started GET "/posts/" for ::1 at 2021-03-08 11:58:40 -0500
  
ActionController::RoutingError (No route matches [GET] "/posts"):
  
Started GET "/posts/" for ::1 at 2021-03-08 12:00:00 -0500
  
ActionController::RoutingError (No route matches [GET] "/posts"):
  
Started GET "/posts/" for ::1 at 2021-03-08 12:01:28 -0500
  [1m[35m (1.9ms)[0m  [1m[34mSELECT sqlite_version(*)[0m
  [1m[35m (0.6ms)[0m  [1m[34mSELECT "schema_migrations"."version" FROM "schema_migrations" ORDER BY "schema_migrations"."version" ASC[0m
  
ActionController::RoutingError (No route matches [GET] "/posts"):
  
Started GET "/posts/" for ::1 at 2021-03-08 12:02:32 -0500
  
ActionController::RoutingError (No route matches [GET] "/posts"):
  
Started GET "/posts" for ::1 at 2021-03-08 12:02:39 -0500
  
ActionController::RoutingError (No route matches [GET] "/posts"):
  
Started GET "/posts/" for ::1 at 2021-03-08 12:02:40 -0500
  
ActionController::RoutingError (No route matches [GET] "/posts"):
  
Started GET "/" for ::1 at 2021-03-08 12:02:40 -0500
Processing by Rails::WelcomeController#index as HTML
  Rendering /Users/rj/.rvm/gems/ruby-3.0.0/gems/railties-6.1.3/lib/rails/templates/rails/welcome/index.html.erb
  Rendered /Users/rj/.rvm/gems/ruby-3.0.0/gems/railties-6.1.3/lib/rails/templates/rails/welcome/index.html.erb (Duration: 12.8ms | Allocations: 226)
Completed 200 OK in 27ms (Views: 18.9ms | Allocations: 2485)


Started GET "/" for ::1 at 2021-03-08 12:02:44 -0500
Processing by Rails::WelcomeController#index as HTML
  Rendering /Users/rj/.rvm/gems/ruby-3.0.0/gems/railties-6.1.3/lib/rails/templates/rails/welcome/index.html.erb
  Rendered /Users/rj/.rvm/gems/ruby-3.0.0/gems/railties-6.1.3/lib/rails/templates/rails/welcome/index.html.erb (Duration: 10.4ms | Allocations: 353)
Completed 200 OK in 13ms (Views: 11.6ms | Allocations: 1222)


Started GET "/opportunities" for ::1 at 2021-03-08 12:02:49 -0500
Processing by OpportunitiesController#index as HTML
Completed 500 Internal Server Error in 5ms (Allocations: 2510)



NameError - uninitialized constant OpportunitiesController::Opportunities
Did you mean?  Opportunity:
  app/controllers/opportunities_controller.rb:3:in `index'

Started POST "/__better_errors/0bd72a94e3b69613/variables" for ::1 at 2021-03-08 12:02:49 -0500
Started GET "/opportunities/new" for ::1 at 2021-03-08 12:03:03 -0500
Processing by OpportunitiesController#new as HTML
Completed 500 Internal Server Error in 6ms (Allocations: 2378)



NameError - uninitialized constant OpportunitiesController::Opportunities
Did you mean?  Opportunity:
  app/controllers/opportunities_controller.rb:7:in `new'

Started POST "/__better_errors/0ba971223508eef8/variables" for ::1 at 2021-03-08 12:03:04 -0500
Started GET "/opportunities/new" for ::1 at 2021-03-08 12:04:05 -0500
Processing by OpportunitiesController#new as HTML
Completed 500 Internal Server Error in 6ms (Allocations: 2385)



NameError - uninitialized constant OpportunitiesController::Opportunities
Did you mean?  Opportunity:
  app/controllers/opportunities_controller.rb:7:in `new'

Started POST "/__better_errors/301c3de846b87d67/variables" for ::1 at 2021-03-08 12:04:06 -0500
Started GET "/opportunities/" for ::1 at 2021-03-08 12:04:06 -0500
Processing by OpportunitiesController#index as HTML
  [1m[35m (0.1ms)[0m  [1m[34mSELECT sqlite_version(*)[0m
  ↳ app/controllers/opportunities_controller.rb:3:in `index'
  Rendering layout layouts/application.html.erb
  Rendering opportunities/index.html.erb within layouts/application
  Rendered opportunities/index.html.erb within layouts/application (Duration: 2.4ms | Allocations: 1616)
  Rendered layout layouts/application.html.erb (Duration: 2.7ms | Allocations: 1686)
Completed 500 Internal Server Error in 14ms (ActiveRecord: 0.7ms | Allocations: 4009)



NoMethodError - undefined method `each' for nil:NilClass:
  app/views/opportunities/index.html.erb:4

Started POST "/__better_errors/489cde142daed575/variables" for ::1 at 2021-03-08 12:04:06 -0500
Started GET "/opportunities/" for ::1 at 2021-03-08 12:04:27 -0500
Processing by OpportunitiesController#index as HTML
  Rendering layout layouts/application.html.erb
  Rendering opportunities/index.html.erb within layouts/application
  [1m[36mOpportunity Load (0.6ms)[0m  [1m[34mSELECT "opportunities".* FROM "opportunities" ORDER BY created_at DESC[0m
  ↳ app/views/opportunities/index.html.erb:4
  Rendered opportunities/index.html.erb within layouts/application (Duration: 6.9ms | Allocations: 924)
[Webpacker] Compiling...
[Webpacker] Compiled all packs in /Users/rj/Desktop/communityconnect/public/packs
[Webpacker] Hash: e332c6419728fac579d5
Version: webpack 4.46.0
Time: 3811ms
Built at: 03/08/2021 12:04:34 PM
                                     Asset       Size       Chunks                         Chunk Names
    js/application-f826770d917d8a37c1d8.js    125 KiB  application  [emitted] [immutable]  application
js/application-f826770d917d8a37c1d8.js.map    139 KiB  application  [emitted] [dev]        application
                             manifest.json  364 bytes               [emitted]              
Entrypoint application = js/application-f826770d917d8a37c1d8.js js/application-f826770d917d8a37c1d8.js.map
[./app/javascript/channels sync recursive _channel\.js$] ./app/javascript/channels sync _channel\.js$ 160 bytes {application} [built]
[./app/javascript/channels/index.js] 211 bytes {application} [built]
[./app/javascript/packs/application.js] 492 bytes {application} [built]
[./node_modules/webpack/buildin/module.js] (webpack)/buildin/module.js 552 bytes {application} [built]
    + 3 hidden modules

  Rendered layout layouts/application.html.erb (Duration: 7295.5ms | Allocations: 15428)
Completed 200 OK in 7301ms (Views: 7298.9ms | ActiveRecord: 0.6ms | Allocations: 16607)


Started GET "/opportunities/new" for ::1 at 2021-03-08 12:05:12 -0500
Processing by OpportunitiesController#new as HTML
  [1m[35m (0.1ms)[0m  [1m[34mSELECT sqlite_version(*)[0m
  ↳ app/controllers/opportunities_controller.rb:7:in `new'
  Rendering layout layouts/application.html.erb
  Rendering opportunities/new.html.erb within layouts/application
  Rendered opportunities/new.html.erb within layouts/application (Duration: 133.9ms | Allocations: 19388)
[Webpacker] Everything's up-to-date. Nothing to do
  Rendered layout layouts/application.html.erb (Duration: 147.9ms | Allocations: 22749)
Completed 200 OK in 170ms (Views: 149.7ms | ActiveRecord: 1.4ms | Allocations: 28581)


Started POST "/opportunities" for ::1 at 2021-03-08 12:05:22 -0500
Processing by OpportunitiesController#create as HTML
  Parameters: {"authenticity_token"=>"[FILTERED]", "opportunity"=>{"organization"=>"google", "date"=>"3/22", "hours"=>"5", "signature"=>"raquel"}, "commit"=>"Create new post"}
  [1m[36mTRANSACTION (0.2ms)[0m  [1m[36mbegin transaction[0m
  ↳ app/controllers/opportunities_controller.rb:12:in `create'
  [1m[36mOpportunity Create (1.6ms)[0m  [1m[32mINSERT INTO "opportunities" ("organization", "date", "hours", "signature", "created_at", "updated_at") VALUES (?, ?, ?, ?, ?, ?)[0m  [["organization", "google"], ["date", "3/22"], ["hours", "5"], ["signature", "raquel"], ["created_at", "2021-03-08 17:05:22.165228"], ["updated_at", "2021-03-08 17:05:22.165228"]]
  ↳ app/controllers/opportunities_controller.rb:12:in `create'
  [1m[36mTRANSACTION (1.4ms)[0m  [1m[36mcommit transaction[0m
  ↳ app/controllers/opportunities_controller.rb:12:in `create'
Redirected to http://localhost:3000/opportunities/1
Completed 302 Found in 16ms (ActiveRecord: 3.2ms | Allocations: 3139)


Started GET "/opportunities/1" for ::1 at 2021-03-08 12:05:22 -0500
Processing by OpportunitiesController#show as HTML
  Parameters: {"id"=>"1"}
  [1m[36mOpportunity Load (0.3ms)[0m  [1m[34mSELECT "opportunities".* FROM "opportunities" WHERE "opportunities"."id" = ? LIMIT ?[0m  [["id", 1], ["LIMIT", 1]]
  ↳ app/controllers/opportunities_controller.rb:20:in `show'
  Rendering layout layouts/application.html.erb
  Rendering opportunities/show.html.erb within layouts/application
  Rendered opportunities/show.html.erb within layouts/application (Duration: 6.2ms | Allocations: 3213)
  Rendered layout layouts/application.html.erb (Duration: 6.6ms | Allocations: 3281)
Completed 500 Internal Server Error in 17ms (ActiveRecord: 0.3ms | Allocations: 4975)



NoMethodError - undefined method `title' for #<Opportunity id: 1, organization: "google", date: "3/22", hours: "5", signature: "raquel", created_at: "2021-03-08 17:05:22.165228000 +0000", updated_at: "2021-03-08 17:05:22.165228000 +0000">:
  app/views/opportunities/show.html.erb:3

Started POST "/__better_errors/5a1ad1845e171db5/variables" for ::1 at 2021-03-08 12:05:22 -0500
Started GET "/opportunities/1" for ::1 at 2021-03-08 12:06:05 -0500
Processing by OpportunitiesController#show as HTML
  Parameters: {"id"=>"1"}
  [1m[36mOpportunity Load (0.1ms)[0m  [1m[34mSELECT "opportunities".* FROM "opportunities" WHERE "opportunities"."id" = ? LIMIT ?[0m  [["id", 1], ["LIMIT", 1]]
  ↳ app/controllers/opportunities_controller.rb:20:in `show'
  Rendering layout layouts/application.html.erb
  Rendering opportunities/show.html.erb within layouts/application
  Rendered opportunities/show.html.erb within layouts/application (Duration: 0.5ms | Allocations: 182)
[Webpacker] Everything's up-to-date. Nothing to do
  Rendered layout layouts/application.html.erb (Duration: 25.3ms | Allocations: 3843)
Completed 200 OK in 31ms (Views: 28.1ms | ActiveRecord: 0.1ms | Allocations: 5603)


Started GET "/opportunities/" for ::1 at 2021-03-08 12:06:09 -0500
Processing by OpportunitiesController#index as HTML
  Rendering layout layouts/application.html.erb
  Rendering opportunities/index.html.erb within layouts/application
  [1m[36mOpportunity Load (0.2ms)[0m  [1m[34mSELECT "opportunities".* FROM "opportunities" ORDER BY created_at DESC[0m
  ↳ app/views/opportunities/index.html.erb:4
  Rendered opportunities/index.html.erb within layouts/application (Duration: 9.5ms | Allocations: 3886)
  Rendered layout layouts/application.html.erb (Duration: 9.8ms | Allocations: 3954)
Completed 500 Internal Server Error in 12ms (ActiveRecord: 0.2ms | Allocations: 4536)



NoMethodError - undefined method `title' for #<Opportunity id: 1, organization: "google", date: "3/22", hours: "5", signature: "raquel", created_at: "2021-03-08 17:05:22.165228000 +0000", updated_at: "2021-03-08 17:05:22.165228000 +0000">:
  app/views/opportunities/index.html.erb:5
  app/views/opportunities/index.html.erb:4

Started POST "/__better_errors/65c83ca2c06341b8/variables" for ::1 at 2021-03-08 12:06:09 -0500
Started GET "/opportunities/" for ::1 at 2021-03-08 12:07:18 -0500
Processing by OpportunitiesController#index as HTML
  Rendering layout layouts/application.html.erb
  Rendering opportunities/index.html.erb within layouts/application
  [1m[36mOpportunity Load (0.2ms)[0m  [1m[34mSELECT "opportunities".* FROM "opportunities" ORDER BY created_at DESC[0m
  ↳ app/views/opportunities/index.html.erb:4
  Rendered opportunities/index.html.erb within layouts/application (Duration: 7.5ms | Allocations: 3720)
  Rendered layout layouts/application.html.erb (Duration: 7.9ms | Allocations: 3788)
Completed 500 Internal Server Error in 10ms (ActiveRecord: 0.2ms | Allocations: 4222)



NoMethodError - undefined method `title' for #<Opportunity id: 1, organization: "google", date: "3/22", hours: "5", signature: "raquel", created_at: "2021-03-08 17:05:22.165228000 +0000", updated_at: "2021-03-08 17:05:22.165228000 +0000">:
  app/views/opportunities/index.html.erb:5
  app/views/opportunities/index.html.erb:4

Started POST "/__better_errors/aa8406b8a47b5b35/variables" for ::1 at 2021-03-08 12:07:18 -0500
Started GET "/opportunities/" for ::1 at 2021-03-08 12:08:05 -0500
Processing by OpportunitiesController#index as HTML
  Rendering layout layouts/application.html.erb
  Rendering opportunities/index.html.erb within layouts/application
  [1m[36mOpportunity Load (0.2ms)[0m  [1m[34mSELECT "opportunities".* FROM "opportunities" ORDER BY created_at DESC[0m
  ↳ app/views/opportunities/index.html.erb:4
  Rendered opportunities/index.html.erb within layouts/application (Duration: 2.6ms | Allocations: 888)
[Webpacker] Everything's up-to-date. Nothing to do
  Rendered layout layouts/application.html.erb (Duration: 26.4ms | Allocations: 4543)
Completed 200 OK in 32ms (Views: 30.8ms | ActiveRecord: 0.2ms | Allocations: 5776)


Started GET "/opportunities" for ::1 at 2021-03-08 12:08:40 -0500
Processing by OpportunitiesController#index as HTML
  Rendering layout layouts/application.html.erb
  Rendering opportunities/index.html.erb within layouts/application
  [1m[36mOpportunity Load (0.2ms)[0m  [1m[34mSELECT "opportunities".* FROM "opportunities" ORDER BY created_at DESC[0m
  ↳ app/views/opportunities/index.html.erb:4
  Rendered opportunities/index.html.erb within layouts/application (Duration: 2.3ms | Allocations: 712)
[Webpacker] Everything's up-to-date. Nothing to do
  Rendered layout layouts/application.html.erb (Duration: 21.6ms | Allocations: 4128)
Completed 200 OK in 23ms (Views: 22.2ms | ActiveRecord: 0.2ms | Allocations: 4600)


Started GET "/opportunities/" for ::1 at 2021-03-08 12:08:41 -0500
Processing by OpportunitiesController#index as HTML
  Rendering layout layouts/application.html.erb
  Rendering opportunities/index.html.erb within layouts/application
  [1m[36mOpportunity Load (0.2ms)[0m  [1m[34mSELECT "opportunities".* FROM "opportunities" ORDER BY created_at DESC[0m
  ↳ app/views/opportunities/index.html.erb:4
  Rendered opportunities/index.html.erb within layouts/application (Duration: 1.7ms | Allocations: 712)
[Webpacker] Everything's up-to-date. Nothing to do
  Rendered layout layouts/application.html.erb (Duration: 7.4ms | Allocations: 4134)
Completed 200 OK in 9ms (Views: 8.1ms | ActiveRecord: 0.2ms | Allocations: 4605)


Started GET "/" for ::1 at 2021-03-08 12:08:42 -0500
Processing by OpportunitiesController#index as HTML
  Rendering layout layouts/application.html.erb
  Rendering opportunities/index.html.erb within layouts/application
  [1m[36mOpportunity Load (0.4ms)[0m  [1m[34mSELECT "opportunities".* FROM "opportunities" ORDER BY created_at DESC[0m
  ↳ app/views/opportunities/index.html.erb:4
  Rendered opportunities/index.html.erb within layouts/application (Duration: 3.6ms | Allocations: 712)
[Webpacker] Everything's up-to-date. Nothing to do
  Rendered layout layouts/application.html.erb (Duration: 10.3ms | Allocations: 4128)
Completed 200 OK in 12ms (Views: 10.5ms | ActiveRecord: 0.4ms | Allocations: 4599)


Started GET "/" for ::1 at 2021-03-08 12:08:44 -0500
Processing by OpportunitiesController#index as HTML
  Rendering layout layouts/application.html.erb
  Rendering opportunities/index.html.erb within layouts/application
  [1m[36mOpportunity Load (0.2ms)[0m  [1m[34mSELECT "opportunities".* FROM "opportunities" ORDER BY created_at DESC[0m
  ↳ app/views/opportunities/index.html.erb:4
  Rendered opportunities/index.html.erb within layouts/application (Duration: 1.7ms | Allocations: 712)
[Webpacker] Everything's up-to-date. Nothing to do
  Rendered layout layouts/application.html.erb (Duration: 13.3ms | Allocations: 4136)
Completed 200 OK in 15ms (Views: 13.8ms | ActiveRecord: 0.2ms | Allocations: 4608)


Started GET "/" for ::1 at 2021-03-08 12:08:47 -0500
Processing by OpportunitiesController#index as HTML
  Rendering layout layouts/application.html.erb
  Rendering opportunities/index.html.erb within layouts/application
  [1m[36mOpportunity Load (0.2ms)[0m  [1m[34mSELECT "opportunities".* FROM "opportunities" ORDER BY created_at DESC[0m
  ↳ app/views/opportunities/index.html.erb:4
  Rendered opportunities/index.html.erb within layouts/application (Duration: 2.2ms | Allocations: 712)
[Webpacker] Everything's up-to-date. Nothing to do
  Rendered layout layouts/application.html.erb (Duration: 10.0ms | Allocations: 4137)
Completed 200 OK in 11ms (Views: 10.4ms | ActiveRecord: 0.2ms | Allocations: 4609)


Started GET "/" for ::1 at 2021-03-08 12:08:56 -0500
  [1m[35m (1.9ms)[0m  [1m[34mSELECT sqlite_version(*)[0m
  [1m[35m (0.2ms)[0m  [1m[34mSELECT "schema_migrations"."version" FROM "schema_migrations" ORDER BY "schema_migrations"."version" ASC[0m
Processing by OpportunitiesController#index as HTML
  Rendering layout layouts/application.html.erb
  Rendering opportunities/index.html.erb within layouts/application
  [1m[36mOpportunity Load (0.2ms)[0m  [1m[34mSELECT "opportunities".* FROM "opportunities" ORDER BY created_at DESC[0m
  ↳ app/views/opportunities/index.html.erb:4
  Rendered opportunities/index.html.erb within layouts/application (Duration: 11.5ms | Allocations: 5066)
[Webpacker] Everything's up-to-date. Nothing to do
  Rendered layout layouts/application.html.erb (Duration: 29.1ms | Allocations: 11051)
Completed 200 OK in 49ms (Views: 33.6ms | ActiveRecord: 0.7ms | Allocations: 14721)


Started GET "/" for ::1 at 2021-03-08 12:11:56 -0500
Processing by OpportunitiesController#index as HTML
  Rendering layout layouts/application.html.erb
  Rendering opportunities/index.html.erb within layouts/application
  [1m[36mOpportunity Load (0.2ms)[0m  [1m[34mSELECT "opportunities".* FROM "opportunities" ORDER BY created_at DESC[0m
  ↳ app/views/opportunities/index.html.erb:16
  Rendered opportunities/index.html.erb within layouts/application (Duration: 4.2ms | Allocations: 901)
[Webpacker] Everything's up-to-date. Nothing to do
  Rendered layout layouts/application.html.erb (Duration: 21.4ms | Allocations: 4556)
Completed 200 OK in 27ms (Views: 24.5ms | ActiveRecord: 0.2ms | Allocations: 5806)


Started GET "/" for ::1 at 2021-03-08 12:12:03 -0500
Processing by OpportunitiesController#index as HTML
  Rendering layout layouts/application.html.erb
  Rendering opportunities/index.html.erb within layouts/application
  [1m[36mOpportunity Load (0.3ms)[0m  [1m[34mSELECT "opportunities".* FROM "opportunities" ORDER BY created_at DESC[0m
  ↳ app/views/opportunities/index.html.erb:16
  Rendered opportunities/index.html.erb within layouts/application (Duration: 13.5ms | Allocations: 894)
[Webpacker] Everything's up-to-date. Nothing to do
  Rendered layout layouts/application.html.erb (Duration: 29.9ms | Allocations: 4560)
Completed 200 OK in 64ms (Views: 51.3ms | ActiveRecord: 0.3ms | Allocations: 5794)


Started GET "/" for ::1 at 2021-03-08 12:12:52 -0500
Processing by OpportunitiesController#index as HTML
  Rendering layout layouts/application.html.erb
  Rendering opportunities/index.html.erb within layouts/application
  [1m[36mOpportunity Load (0.2ms)[0m  [1m[34mSELECT "opportunities".* FROM "opportunities" ORDER BY created_at DESC[0m
  ↳ app/views/opportunities/index.html.erb:11
  Rendered opportunities/index.html.erb within layouts/application (Duration: 2.4ms | Allocations: 905)
[Webpacker] Everything's up-to-date. Nothing to do
  Rendered layout layouts/application.html.erb (Duration: 25.1ms | Allocations: 4568)
Completed 200 OK in 30ms (Views: 28.5ms | ActiveRecord: 0.2ms | Allocations: 5807)


Started GET "/" for ::1 at 2021-03-08 12:13:59 -0500
Processing by OpportunitiesController#index as HTML
  Rendering layout layouts/application.html.erb
  Rendering opportunities/index.html.erb within layouts/application
  [1m[36mOpportunity Load (0.2ms)[0m  [1m[34mSELECT "opportunities".* FROM "opportunities" ORDER BY created_at DESC[0m
  ↳ app/views/opportunities/index.html.erb:11
  Rendered opportunities/index.html.erb within layouts/application (Duration: 3.0ms | Allocations: 907)
[Webpacker] Everything's up-to-date. Nothing to do
  Rendered layout layouts/application.html.erb (Duration: 26.1ms | Allocations: 4562)
Completed 200 OK in 31ms (Views: 29.5ms | ActiveRecord: 0.2ms | Allocations: 5809)


Started GET "/" for ::1 at 2021-03-08 12:14:18 -0500
Processing by OpportunitiesController#index as HTML
  Rendering layout layouts/application.html.erb
  Rendering opportunities/index.html.erb within layouts/application
  [1m[36mOpportunity Load (0.2ms)[0m  [1m[34mSELECT "opportunities".* FROM "opportunities" ORDER BY created_at DESC[0m
  ↳ app/views/opportunities/index.html.erb:11
  Rendered opportunities/index.html.erb within layouts/application (Duration: 2.2ms | Allocations: 899)
[Webpacker] Everything's up-to-date. Nothing to do
  Rendered layout layouts/application.html.erb (Duration: 10.9ms | Allocations: 4552)
Completed 200 OK in 15ms (Views: 12.9ms | ActiveRecord: 0.2ms | Allocations: 5785)


Started GET "/" for ::1 at 2021-03-08 12:14:37 -0500
Processing by OpportunitiesController#index as HTML
  Rendering layout layouts/application.html.erb
  Rendering opportunities/index.html.erb within layouts/application
  [1m[36mOpportunity Load (0.2ms)[0m  [1m[34mSELECT "opportunities".* FROM "opportunities" ORDER BY created_at DESC[0m
  ↳ app/views/opportunities/index.html.erb:11
  Rendered opportunities/index.html.erb within layouts/application (Duration: 2.0ms | Allocations: 718)
[Webpacker] Everything's up-to-date. Nothing to do
  Rendered layout layouts/application.html.erb (Duration: 8.6ms | Allocations: 4136)
Completed 200 OK in 10ms (Views: 8.9ms | ActiveRecord: 0.2ms | Allocations: 4619)


Started GET "/new" for ::1 at 2021-03-08 12:14:38 -0500
  
ActionController::RoutingError (No route matches [GET] "/new"):
  
Started GET "/opporunities/new" for ::1 at 2021-03-08 12:14:47 -0500
  
ActionController::RoutingError (No route matches [GET] "/opporunities/new"):
  
Started GET "/opportunities/new" for ::1 at 2021-03-08 12:14:51 -0500
Processing by OpportunitiesController#new as HTML
  Rendering layout layouts/application.html.erb
  Rendering opportunities/new.html.erb within layouts/application
  Rendered opportunities/new.html.erb within layouts/application (Duration: 85.5ms | Allocations: 13307)
[Webpacker] Everything's up-to-date. Nothing to do
  Rendered layout layouts/application.html.erb (Duration: 93.5ms | Allocations: 16618)
Completed 200 OK in 96ms (Views: 94.3ms | ActiveRecord: 0.0ms | Allocations: 17235)


Started GET "/opportunities/new" for ::1 at 2021-03-08 12:15:38 -0500
Processing by OpportunitiesController#new as HTML
  Rendering layout layouts/application.html.erb
  Rendering opportunities/new.html.erb within layouts/application
  Rendered opportunities/new.html.erb within layouts/application (Duration: 13.9ms | Allocations: 5099)
[Webpacker] Everything's up-to-date. Nothing to do
  Rendered layout layouts/application.html.erb (Duration: 37.5ms | Allocations: 8629)
Completed 200 OK in 46ms (Views: 44.2ms | ActiveRecord: 0.0ms | Allocations: 9852)


Started POST "/opportunities" for ::1 at 2021-03-08 12:15:51 -0500
Processing by OpportunitiesController#create as HTML
  Parameters: {"authenticity_token"=>"[FILTERED]", "opportunity"=>{"organization"=>"nbc", "date"=>"4/01", "hours"=>"10", "signature"=>"rocky"}, "commit"=>"Create new post"}
  [1m[36mTRANSACTION (0.1ms)[0m  [1m[36mbegin transaction[0m
  ↳ app/controllers/opportunities_controller.rb:12:in `create'
  [1m[36mOpportunity Create (0.9ms)[0m  [1m[32mINSERT INTO "opportunities" ("organization", "date", "hours", "signature", "created_at", "updated_at") VALUES (?, ?, ?, ?, ?, ?)[0m  [["organization", "nbc"], ["date", "4/01"], ["hours", "10"], ["signature", "rocky"], ["created_at", "2021-03-08 17:15:51.923161"], ["updated_at", "2021-03-08 17:15:51.923161"]]
  ↳ app/controllers/opportunities_controller.rb:12:in `create'
  [1m[36mTRANSACTION (2.2ms)[0m  [1m[36mcommit transaction[0m
  ↳ app/controllers/opportunities_controller.rb:12:in `create'
Redirected to http://localhost:3000/opportunities/2
Completed 302 Found in 11ms (ActiveRecord: 3.1ms | Allocations: 3109)


Started GET "/opportunities/2" for ::1 at 2021-03-08 12:15:51 -0500
Processing by OpportunitiesController#show as HTML
  Parameters: {"id"=>"2"}
  [1m[36mOpportunity Load (0.4ms)[0m  [1m[34mSELECT "opportunities".* FROM "opportunities" WHERE "opportunities"."id" = ? LIMIT ?[0m  [["id", 2], ["LIMIT", 1]]
  ↳ app/controllers/opportunities_controller.rb:20:in `show'
  Rendering layout layouts/application.html.erb
  Rendering opportunities/show.html.erb within layouts/application
  Rendered opportunities/show.html.erb within layouts/application (Duration: 1.5ms | Allocations: 173)
[Webpacker] Everything's up-to-date. Nothing to do
  Rendered layout layouts/application.html.erb (Duration: 13.4ms | Allocations: 3524)
Completed 200 OK in 29ms (Views: 14.3ms | ActiveRecord: 0.4ms | Allocations: 7263)


Started GET "/opportunities/" for ::1 at 2021-03-08 12:15:55 -0500
Processing by OpportunitiesController#index as HTML
  Rendering layout layouts/application.html.erb
  Rendering opportunities/index.html.erb within layouts/application
  [1m[36mOpportunity Load (0.3ms)[0m  [1m[34mSELECT "opportunities".* FROM "opportunities" ORDER BY created_at DESC[0m
  ↳ app/views/opportunities/index.html.erb:11
  Rendered opportunities/index.html.erb within layouts/application (Duration: 2.7ms | Allocations: 915)
[Webpacker] Everything's up-to-date. Nothing to do
  Rendered layout layouts/application.html.erb (Duration: 9.5ms | Allocations: 4331)
Completed 200 OK in 15ms (Views: 10.1ms | ActiveRecord: 0.3ms | Allocations: 4929)


Started GET "/opportunities/" for ::1 at 2021-03-08 12:21:07 -0500
  [1m[35m (2.0ms)[0m  [1m[34mSELECT sqlite_version(*)[0m
  [1m[35m (0.5ms)[0m  [1m[34mSELECT "schema_migrations"."version" FROM "schema_migrations" ORDER BY "schema_migrations"."version" ASC[0m
Processing by OpportunitiesController#index as HTML
  Rendering layout layouts/application.html.erb
  Rendering opportunities/index.html.erb within layouts/application
  [1m[36mOpportunity Load (0.6ms)[0m  [1m[34mSELECT "opportunities".* FROM "opportunities" ORDER BY created_at DESC[0m
  ↳ app/views/opportunities/index.html.erb:11
  Rendered opportunities/index.html.erb within layouts/application (Duration: 27.0ms | Allocations: 5099)
[Webpacker] Everything's up-to-date. Nothing to do
  Rendered layout layouts/application.html.erb (Duration: 311.4ms | Allocations: 11100)
Completed 200 OK in 399ms (Views: 318.5ms | ActiveRecord: 1.3ms | Allocations: 14814)


Started GET "/opportunities/" for ::1 at 2021-03-08 15:11:56 -0500
  [1m[35m (1.0ms)[0m  [1m[34mSELECT sqlite_version(*)[0m
  [1m[35m (0.6ms)[0m  [1m[34mSELECT "schema_migrations"."version" FROM "schema_migrations" ORDER BY "schema_migrations"."version" ASC[0m
Processing by OpportunitiesController#index as HTML
  Rendering layout layouts/application.html.erb
  Rendering opportunities/index.html.erb within layouts/application
  [1m[36mOpportunity Load (0.5ms)[0m  [1m[34mSELECT "opportunities".* FROM "opportunities" ORDER BY created_at DESC[0m
  ↳ app/views/opportunities/index.html.erb:11
  Rendered opportunities/index.html.erb within layouts/application (Duration: 12.0ms | Allocations: 5102)
[Webpacker] Everything's up-to-date. Nothing to do
  Rendered layout layouts/application.html.erb (Duration: 62.6ms | Allocations: 11341)
Completed 200 OK in 88ms (Views: 67.2ms | ActiveRecord: 1.0ms | Allocations: 15012)


Started GET "/opportunities/new" for ::1 at 2021-03-08 15:12:00 -0500
Processing by OpportunitiesController#new as HTML
  Rendering layout layouts/application.html.erb
  Rendering opportunities/new.html.erb within layouts/application
  Rendered opportunities/new.html.erb within layouts/application (Duration: 78.1ms | Allocations: 13499)
[Webpacker] Everything's up-to-date. Nothing to do
  Rendered layout layouts/application.html.erb (Duration: 85.9ms | Allocations: 16818)
Completed 200 OK in 88ms (Views: 86.7ms | ActiveRecord: 0.0ms | Allocations: 17447)


Started GET "/opportunities/new" for ::1 at 2021-03-08 15:12:07 -0500
Processing by OpportunitiesController#new as HTML
  Rendering layout layouts/application.html.erb
  Rendering opportunities/new.html.erb within layouts/application
  Rendered opportunities/new.html.erb within layouts/application (Duration: 9.5ms | Allocations: 4800)
[Webpacker] Everything's up-to-date. Nothing to do
  Rendered layout layouts/application.html.erb (Duration: 17.8ms | Allocations: 8117)
Completed 200 OK in 19ms (Views: 18.5ms | ActiveRecord: 0.0ms | Allocations: 8575)


Started GET "/opportunities/" for ::1 at 2021-03-08 15:12:08 -0500
Processing by OpportunitiesController#index as HTML
  Rendering layout layouts/application.html.erb
  Rendering opportunities/index.html.erb within layouts/application
  [1m[36mOpportunity Load (0.2ms)[0m  [1m[34mSELECT "opportunities".* FROM "opportunities" ORDER BY created_at DESC[0m
  ↳ app/views/opportunities/index.html.erb:11
  Rendered opportunities/index.html.erb within layouts/application (Duration: 2.5ms | Allocations: 743)
[Webpacker] Everything's up-to-date. Nothing to do
  Rendered layout layouts/application.html.erb (Duration: 10.5ms | Allocations: 4177)
Completed 200 OK in 14ms (Views: 11.8ms | ActiveRecord: 0.2ms | Allocations: 4659)


Started GET "/opportunities/" for ::1 at 2021-03-08 15:33:27 -0500
  [1m[35m (1.6ms)[0m  [1m[34mSELECT sqlite_version(*)[0m
  [1m[35m (0.7ms)[0m  [1m[34mSELECT "schema_migrations"."version" FROM "schema_migrations" ORDER BY "schema_migrations"."version" ASC[0m
Processing by OpportunitiesController#index as HTML
  Rendering layout layouts/application.html.erb
  Rendering opportunities/index.html.erb within layouts/application
  [1m[36mOpportunity Load (0.6ms)[0m  [1m[34mSELECT "opportunities".* FROM "opportunities" ORDER BY created_at DESC[0m
  ↳ app/views/opportunities/index.html.erb:11
  Rendered opportunities/index.html.erb within layouts/application (Duration: 12.9ms | Allocations: 5099)
[Webpacker] Everything's up-to-date. Nothing to do
  Rendered layout layouts/application.html.erb (Duration: 122.2ms | Allocations: 11101)
Completed 200 OK in 142ms (Views: 126.7ms | ActiveRecord: 1.1ms | Allocations: 14771)


Started GET "/opportunities/new" for ::1 at 2021-03-08 15:34:06 -0500
Processing by OpportunitiesController#new as HTML
  Rendering layout layouts/application.html.erb
  Rendering opportunities/new.html.erb within layouts/application
  Rendered opportunities/new.html.erb within layouts/application (Duration: 90.8ms | Allocations: 15702)
[Webpacker] Everything's up-to-date. Nothing to do
  Rendered layout layouts/application.html.erb (Duration: 136.6ms | Allocations: 19025)
Completed 200 OK in 147ms (Views: 137.6ms | ActiveRecord: 0.0ms | Allocations: 19654)


Started GET "/opportunities/new" for ::1 at 2021-03-08 15:34:21 -0500
Processing by OpportunitiesController#new as HTML
  Rendering layout layouts/application.html.erb
  Rendering opportunities/new.html.erb within layouts/application
  Rendered opportunities/new.html.erb within layouts/application (Duration: 9.3ms | Allocations: 4800)
[Webpacker] Everything's up-to-date. Nothing to do
  Rendered layout layouts/application.html.erb (Duration: 47.5ms | Allocations: 8121)
Completed 200 OK in 50ms (Views: 48.8ms | ActiveRecord: 0.0ms | Allocations: 8578)


Started GET "/opportunities/" for ::1 at 2021-03-08 15:34:21 -0500
Processing by OpportunitiesController#index as HTML
  Rendering layout layouts/application.html.erb
  Rendering opportunities/index.html.erb within layouts/application
  [1m[36mOpportunity Load (0.2ms)[0m  [1m[34mSELECT "opportunities".* FROM "opportunities" ORDER BY created_at DESC[0m
  ↳ app/views/opportunities/index.html.erb:11
  Rendered opportunities/index.html.erb within layouts/application (Duration: 2.2ms | Allocations: 743)
[Webpacker] Everything's up-to-date. Nothing to do
  Rendered layout layouts/application.html.erb (Duration: 11.2ms | Allocations: 4177)
Completed 200 OK in 13ms (Views: 11.6ms | ActiveRecord: 0.2ms | Allocations: 4659)


Started GET "/" for ::1 at 2021-03-08 16:00:03 -0500
  [1m[35m (1.5ms)[0m  [1m[34mSELECT sqlite_version(*)[0m
  [1m[35m (0.6ms)[0m  [1m[34mSELECT "schema_migrations"."version" FROM "schema_migrations" ORDER BY "schema_migrations"."version" ASC[0m
Processing by OpportunitiesController#index as HTML
  Rendering layout layouts/application.html.erb
  Rendering opportunities/index.html.erb within layouts/application
  [1m[36mOpportunity Load (1.1ms)[0m  [1m[34mSELECT "opportunities".* FROM "opportunities" ORDER BY created_at DESC[0m
  ↳ app/views/opportunities/index.html.erb:11
  Rendered opportunities/index.html.erb within layouts/application (Duration: 16.0ms | Allocations: 5101)
[Webpacker] Everything's up-to-date. Nothing to do
  Rendered layout layouts/application.html.erb (Duration: 64.0ms | Allocations: 11113)
Completed 200 OK in 95ms (Views: 67.5ms | ActiveRecord: 1.7ms | Allocations: 14757)


Started GET "/" for ::1 at 2021-03-08 16:00:25 -0500
Processing by OpportunitiesController#index as HTML
  Rendering layout layouts/application.html.erb
  Rendering opportunities/index.html.erb within layouts/application
  [1m[36mOpportunity Load (0.3ms)[0m  [1m[34mSELECT "opportunities".* FROM "opportunities" ORDER BY created_at DESC[0m
  ↳ app/views/opportunities/index.html.erb:11
  Rendered opportunities/index.html.erb within layouts/application (Duration: 6.0ms | Allocations: 736)
[Webpacker] Everything's up-to-date. Nothing to do
  Rendered layout layouts/application.html.erb (Duration: 38.0ms | Allocations: 4188)
Completed 200 OK in 44ms (Views: 39.1ms | ActiveRecord: 0.3ms | Allocations: 4636)


Started GET "/opportunites/new" for ::1 at 2021-03-08 16:00:30 -0500
  
ActionController::RoutingError (No route matches [GET] "/opportunites/new"):
  
Started GET "/opportunities/new" for ::1 at 2021-03-08 16:00:38 -0500
Processing by OpportunitiesController#new as HTML
  Rendering layout layouts/application.html.erb
  Rendering opportunities/new.html.erb within layouts/application
  Rendered opportunities/new.html.erb within layouts/application (Duration: 53.2ms | Allocations: 13308)
[Webpacker] Everything's up-to-date. Nothing to do
  Rendered layout layouts/application.html.erb (Duration: 74.7ms | Allocations: 16646)
Completed 200 OK in 77ms (Views: 76.0ms | ActiveRecord: 0.0ms | Allocations: 17247)


Started GET "/opportunities/new" for ::1 at 2021-03-08 16:00:41 -0500
Processing by OpportunitiesController#new as HTML
  Rendering layout layouts/application.html.erb
  Rendering opportunities/new.html.erb within layouts/application
  Rendered opportunities/new.html.erb within layouts/application (Duration: 8.4ms | Allocations: 4858)
[Webpacker] Everything's up-to-date. Nothing to do
  Rendered layout layouts/application.html.erb (Duration: 16.4ms | Allocations: 8194)
Completed 200 OK in 18ms (Views: 16.9ms | ActiveRecord: 0.0ms | Allocations: 8625)


Started GET "/opportunities/" for ::1 at 2021-03-08 16:00:42 -0500
Processing by OpportunitiesController#index as HTML
  Rendering layout layouts/application.html.erb
  Rendering opportunities/index.html.erb within layouts/application
  [1m[36mOpportunity Load (0.3ms)[0m  [1m[34mSELECT "opportunities".* FROM "opportunities" ORDER BY created_at DESC[0m
  ↳ app/views/opportunities/index.html.erb:11
  Rendered opportunities/index.html.erb within layouts/application (Duration: 2.4ms | Allocations: 737)
[Webpacker] Everything's up-to-date. Nothing to do
  Rendered layout layouts/application.html.erb (Duration: 9.6ms | Allocations: 4189)
Completed 200 OK in 11ms (Views: 9.8ms | ActiveRecord: 0.3ms | Allocations: 4634)


Started GET "/opportunities/" for ::1 at 2021-03-08 16:36:09 -0500
  [1m[35m (1.4ms)[0m  [1m[34mSELECT sqlite_version(*)[0m
  [1m[35m (0.5ms)[0m  [1m[34mSELECT "schema_migrations"."version" FROM "schema_migrations" ORDER BY "schema_migrations"."version" ASC[0m
Processing by OpportunitiesController#index as HTML
  Rendering layout layouts/application.html.erb
  Rendering opportunities/index.html.erb within layouts/application
  [1m[36mOpportunity Load (0.7ms)[0m  [1m[34mSELECT "opportunities".* FROM "opportunities" ORDER BY created_at DESC[0m
  ↳ app/views/opportunities/index.html.erb:11
  Rendered opportunities/index.html.erb within layouts/application (Duration: 13.0ms | Allocations: 5100)
[Webpacker] Everything's up-to-date. Nothing to do
  Rendered layout layouts/application.html.erb (Duration: 68.7ms | Allocations: 11102)
Completed 200 OK in 89ms (Views: 73.2ms | ActiveRecord: 1.3ms | Allocations: 14772)


  [1m[35m (252.3ms)[0m  [1m[35mCREATE DATABASE "my_app_development" ENCODING = 'utf8'[0m
  [1m[35m (82.1ms)[0m  [1m[35mCREATE DATABASE "my_app_test" ENCODING = 'utf8'[0m
  [1m[35m (8.0ms)[0m  [1m[35mCREATE TABLE "schema_migrations" ("version" character varying NOT NULL PRIMARY KEY)[0m
  [1m[35m (3.1ms)[0m  [1m[35mCREATE TABLE "ar_internal_metadata" ("key" character varying NOT NULL PRIMARY KEY, "value" character varying, "created_at" timestamp(6) NOT NULL, "updated_at" timestamp(6) NOT NULL)[0m
  [1m[35m (0.2ms)[0m  [1m[34mSELECT pg_try_advisory_lock(4346549080646495835)[0m
  [1m[35m (0.4ms)[0m  [1m[34mSELECT "schema_migrations"."version" FROM "schema_migrations" ORDER BY "schema_migrations"."version" ASC[0m
Migrating to CreateOpportunities (20210308164147)
  [1m[36mTRANSACTION (0.1ms)[0m  [1m[35mBEGIN[0m
  [1m[35m (8.0ms)[0m  [1m[35mCREATE TABLE "opportunities" ("id" bigserial primary key, "organization" character varying, "date" character varying, "hours" character varying, "signature" character varying, "created_at" timestamp(6) NOT NULL, "updated_at" timestamp(6) NOT NULL)[0m
  [1m[36mActiveRecord::SchemaMigration Create (0.8ms)[0m  [1m[32mINSERT INTO "schema_migrations" ("version") VALUES ($1) RETURNING "version"[0m  [["version", "20210308164147"]]
  [1m[36mTRANSACTION (0.4ms)[0m  [1m[35mCOMMIT[0m
  [1m[36mActiveRecord::InternalMetadata Load (0.3ms)[0m  [1m[34mSELECT "ar_internal_metadata".* FROM "ar_internal_metadata" WHERE "ar_internal_metadata"."key" = $1 LIMIT $2[0m  [["key", "environment"], ["LIMIT", 1]]
  [1m[36mTRANSACTION (0.1ms)[0m  [1m[35mBEGIN[0m
  [1m[36mActiveRecord::InternalMetadata Create (0.4ms)[0m  [1m[32mINSERT INTO "ar_internal_metadata" ("key", "value", "created_at", "updated_at") VALUES ($1, $2, $3, $4) RETURNING "key"[0m  [["key", "environment"], ["value", "development"], ["created_at", "2021-03-10 18:32:51.435274"], ["updated_at", "2021-03-10 18:32:51.435274"]]
  [1m[36mTRANSACTION (0.4ms)[0m  [1m[35mCOMMIT[0m
  [1m[35m (0.2ms)[0m  [1m[34mSELECT pg_advisory_unlock(4346549080646495835)[0m
  [1m[35m (1.2ms)[0m  [1m[34mSELECT "schema_migrations"."version" FROM "schema_migrations" ORDER BY "schema_migrations"."version" ASC[0m
Started GET "/opportunities/" for ::1 at 2021-03-10 14:00:45 -0500

ActiveRecord::ConnectionNotEstablished - could not translate host name "rj" to address: nodename nor servname provided, or not known:

Started POST "/__better_errors/c4d4d24d9a5aace8/variables" for ::1 at 2021-03-10 14:00:45 -0500
Started POST "/__better_errors/c4d4d24d9a5aace8/variables" for ::1 at 2021-03-10 14:02:51 -0500
Started GET "/opportunities/" for ::1 at 2021-03-10 14:04:17 -0500
  [1m[35m (2.9ms)[0m  [1m[34mSELECT "schema_migrations"."version" FROM "schema_migrations" ORDER BY "schema_migrations"."version" ASC[0m
Processing by OpportunitiesController#index as HTML
  Rendering layout layouts/application.html.erb
  Rendering opportunities/index.html.erb within layouts/application
  [1m[36mOpportunity Load (3.9ms)[0m  [1m[34mSELECT "opportunities".* FROM "opportunities" ORDER BY created_at DESC[0m
  ↳ app/views/opportunities/index.html.erb:11
  Rendered opportunities/index.html.erb within layouts/application (Duration: 16.2ms | Allocations: 1237)
[Webpacker] Everything's up-to-date. Nothing to do
  Rendered layout layouts/application.html.erb (Duration: 42.9ms | Allocations: 7242)
Completed 200 OK in 123ms (Views: 67.0ms | ActiveRecord: 3.9ms | Allocations: 10894)


Started GET "/opportunities/new" for ::1 at 2021-03-10 14:04:22 -0500
Processing by OpportunitiesController#new as HTML
  Rendering layout layouts/application.html.erb
  Rendering opportunities/new.html.erb within layouts/application
  Rendered opportunities/new.html.erb within layouts/application (Duration: 68.4ms | Allocations: 13440)
[Webpacker] Everything's up-to-date. Nothing to do
  Rendered layout layouts/application.html.erb (Duration: 75.8ms | Allocations: 16759)
Completed 200 OK in 97ms (Views: 76.6ms | ActiveRecord: 8.8ms | Allocations: 21718)


Started POST "/opportunities" for ::1 at 2021-03-10 14:04:32 -0500
Processing by OpportunitiesController#create as HTML
  Parameters: {"authenticity_token"=>"[FILTERED]", "opportunity"=>{"organization"=>"google", "date"=>"3/22", "hours"=>"5", "signature"=>"raquel"}, "commit"=>"Create new post"}
  [1m[36mTRANSACTION (0.8ms)[0m  [1m[35mBEGIN[0m
  ↳ app/controllers/opportunities_controller.rb:12:in `create'
  [1m[36mOpportunity Create (4.0ms)[0m  [1m[32mINSERT INTO "opportunities" ("organization", "date", "hours", "signature", "created_at", "updated_at") VALUES ($1, $2, $3, $4, $5, $6) RETURNING "id"[0m  [["organization", "google"], ["date", "3/22"], ["hours", "5"], ["signature", "raquel"], ["created_at", "2021-03-10 19:04:32.573494"], ["updated_at", "2021-03-10 19:04:32.573494"]]
  ↳ app/controllers/opportunities_controller.rb:12:in `create'
  [1m[36mTRANSACTION (1.2ms)[0m  [1m[35mCOMMIT[0m
  ↳ app/controllers/opportunities_controller.rb:12:in `create'
Redirected to http://localhost:3000/opportunities/1
Completed 302 Found in 14ms (ActiveRecord: 6.0ms | Allocations: 3287)


Started GET "/opportunities/1" for ::1 at 2021-03-10 14:04:32 -0500
Processing by OpportunitiesController#show as HTML
  Parameters: {"id"=>"1"}
  [1m[36mOpportunity Load (1.7ms)[0m  [1m[34mSELECT "opportunities".* FROM "opportunities" WHERE "opportunities"."id" = $1 LIMIT $2[0m  [["id", 1], ["LIMIT", 1]]
  ↳ app/controllers/opportunities_controller.rb:20:in `show'
  Rendering layout layouts/application.html.erb
  Rendering opportunities/show.html.erb within layouts/application
  Rendered opportunities/show.html.erb within layouts/application (Duration: 3.4ms | Allocations: 182)
[Webpacker] Everything's up-to-date. Nothing to do
  Rendered layout layouts/application.html.erb (Duration: 11.8ms | Allocations: 3614)
Completed 200 OK in 26ms (Views: 12.5ms | ActiveRecord: 4.0ms | Allocations: 5615)


Started GET "/opportunities/" for ::1 at 2021-03-10 14:04:35 -0500
Processing by OpportunitiesController#index as HTML
  Rendering layout layouts/application.html.erb
  Rendering opportunities/index.html.erb within layouts/application
  [1m[36mOpportunity Load (2.2ms)[0m  [1m[34mSELECT "opportunities".* FROM "opportunities" ORDER BY created_at DESC[0m
  ↳ app/views/opportunities/index.html.erb:11
  Rendered opportunities/index.html.erb within layouts/application (Duration: 3.9ms | Allocations: 733)
[Webpacker] Everything's up-to-date. Nothing to do
  Rendered layout layouts/application.html.erb (Duration: 16.2ms | Allocations: 4165)
Completed 200 OK in 20ms (Views: 14.8ms | ActiveRecord: 2.2ms | Allocations: 4758)


  [1m[35m (2.3ms)[0m  [1m[35mCREATE DATABASE "my_app_development" ENCODING = 'utf8'[0m
  [1m[35m (0.4ms)[0m  [1m[35mCREATE DATABASE "my_app_test" ENCODING = 'utf8'[0m
  [1m[35m (0.2ms)[0m  [1m[34mSELECT pg_try_advisory_lock(4346549080646495835)[0m
  [1m[35m (0.7ms)[0m  [1m[34mSELECT "schema_migrations"."version" FROM "schema_migrations" ORDER BY "schema_migrations"."version" ASC[0m
  [1m[36mActiveRecord::InternalMetadata Load (1.5ms)[0m  [1m[34mSELECT "ar_internal_metadata".* FROM "ar_internal_metadata" WHERE "ar_internal_metadata"."key" = $1 LIMIT $2[0m  [["key", "environment"], ["LIMIT", 1]]
  [1m[35m (0.3ms)[0m  [1m[34mSELECT pg_advisory_unlock(4346549080646495835)[0m
  [1m[35m (0.7ms)[0m  [1m[34mSELECT "schema_migrations"."version" FROM "schema_migrations" ORDER BY "schema_migrations"."version" ASC[0m
